INFO: 2021/01/03 15:19:46 init:Start Log
INFO: 2021/01/03 15:19:46 init:Start Log
INFO: 2021/01/03 15:19:46 TESTING
INFO: 2021/01/03 16:11:20 init:Start Log
INFO: 2021/01/03 16:12:03 map[1010:{Peter Tan 1010 D1}]
INFO: 2021/01/03 16:12:53 map[1005:{Jean Toh 1005 D5} 1010:{Peter Tan 1010 D1} 1015:{Jess Lim 1015 D4} 1020:{Mary Ong 1020 D2} 1030:{Jack Koh 1030 D3} 1050:{Toby Ker 1010 D1} 1070:{Jxxx Th 1005 D5}]
INFO: 2021/01/03 16:13:19 map[1020:{Mary Ong 1020 D2}]
INFO: 2021/01/03 16:13:35 map[1020:{Mary Ong 1020 D2} 1030:{Jack Koh 1030 D3}]
INFO: 2021/01/03 16:16:36 map[1005:{Jean Toh 1005 D5} 1010:{Peter Tan 1010 D1} 1015:{Jess Lim 1015 D4} 1020:{Mary Ong 1020 D2} 1030:{Jack Koh 1030 D3} 1050:{Toby Ker 1010 D1} 1070:{Jxxx Th 1005 D5}]
INFO: 2021/01/03 16:18:41 deleteinfo:Delete1070
INFO: 2021/01/03 16:25:27 deleteinfo:Delete1070
INFO: 2021/01/03 16:49:00 map[1070:{xxx xxx 1070 D5}]
INFO: 2021/01/03 16:49:11 deleteinfo:Delete1070
INFO: 2021/01/03 16:49:28 deleteinfo:Delete1070
INFO: 2021/01/03 16:51:08 map[]
INFO: 2021/01/03 16:55:59 map[1005:{Jean Toh 1005 D5} 1010:{Peter Tan 1010 D1} 1015:{Jess Lim 1015 D4} 1020:{Mary Ong 1020 D2} 1030:{Jack Koh 1030 D3} 1050:{Toby Ker 1010 D1} 1070:{yyy yyy 1070 D5}]
INFO: 2021/01/03 20:40:01 init:Start Log
INFO: 2021/01/03 20:46:43 init:Start Log
INFO: 2021/01/03 20:47:38 map[1070:{yyy yyy 1070 D5}]
INFO: 2021/01/03 20:50:27 init:Start Log
INFO: 2021/01/03 20:50:48 map[1070:{yyy yyy 1070 D5}]
INFO: 2021/01/03 21:56:50 map[1005:{Jean Toh 1005 D5} 1010:{Peter Tan 1010 D1} 1015:{Jess Lim 1015 D4} 1020:{Mary Ong 1020 D2} 1030:{Jack Koh 1030 D3} 1050:{Toby Ker 1010 D1} 1070:{yyy yyy 1070 D5}]
INFO: 2021/01/03 22:08:18 init:Start Log
INFO: 2021/01/03 22:08:34 map[]
INFO: 2021/01/03 22:10:01 init:Start Log
INFO: 2021/01/03 22:10:06 map[]
INFO: 2021/01/03 22:10:06 index:GET:Not Found
INFO: 2021/01/03 22:10:16 map[1070:{yyy yyy 1070 D5}]
INFO: 2021/01/03 22:10:24 map[1070:{yyy yyy 1070 D5}]
INFO: 2021/01/03 22:10:43 map[]
INFO: 2021/01/03 22:10:43 index:GET:Not Found
INFO: 2021/01/03 22:36:08 init:Start Log
INFO: 2021/01/03 22:36:16 map[]
INFO: 2021/01/03 22:36:16 index:GET:Not Found
INFO: 2021/01/03 22:36:19 map[1070:{yyy yyy 1070 D5}]
INFO: 2021/01/03 22:40:48 init:Start Log
INFO: 2021/01/03 22:43:29 init:Start Log
INFO: 2021/01/03 22:45:25 deleteinfo:Delete:1070
INFO: 2021/01/03 22:45:49 deleteinfo:Delete:1070
INFO: 2021/01/03 22:46:14 deleteinfo:Delete:1077
INFO: 2021/01/03 23:04:42 init:Start Log
INFO: 2021/01/03 23:04:57 map[]
INFO: 2021/01/03 23:04:57 index:GET:Not Found
INFO: 2021/01/03 23:05:02 map[1005:{Jean Toh 1005 D5} 1010:{Peter Tan 1010 D1} 1015:{Jess Lim 1015 D4} 1020:{Mary Ong 1020 D2} 1030:{Jack Koh 1030 D3} 1050:{Toby Ker 1010 D1} 1070:{yyy yyy 1070 D5}]
INFO: 2021/01/03 23:05:54 deleteinfo:Delete:1070
INFO: 2021/01/03 23:12:55 init:Start Log
INFO: 2021/01/03 23:14:01 init:Start Log
INFO: 2021/01/03 23:16:20 init:Start Log
INFO: 2021/01/03 23:25:19 init:Start Log
INFO: 2021/01/03 23:26:20 map[1005:{Jean Toh 1005 D5} 1010:{Peter Tan 1010 D1} 1015:{Jess Lim 1015 D4} 1020:{Mary Ong 1020 D2} 1030:{Jack Koh 1030 D3} 1050:{Toby Ker 1010 D1} 1070:{yyy yyy 1070 D5}]
INFO: 2021/01/03 23:26:30 map[1005:{Jean Toh 1005 D5} 1010:{Peter Tan 1010 D1} 1015:{Jess Lim 1015 D4} 1020:{Mary Ong 1020 D2} 1030:{Jack Koh 1030 D3} 1050:{Toby Ker 1010 D1} 1070:{yyy yyy 1070 D5}]
INFO: 2021/01/03 23:26:34 map[]
INFO: 2021/01/03 23:26:34 index:GET:Not Found
INFO: 2021/01/03 23:26:44 map[1005:{Jean Toh 1005 D5} 1010:{Peter Tan 1010 D1} 1015:{Jess Lim 1015 D4} 1020:{Mary Ong 1020 D2} 1030:{Jack Koh 1030 D3} 1050:{Toby Ker 1010 D1} 1070:{yyy yyy 1070 D5}]
INFO: 2021/01/03 23:26:54 map[]
INFO: 2021/01/03 23:27:01 map[]
INFO: 2021/01/03 23:30:03 init:Start Log
INFO: 2021/01/03 23:30:38 map[1010:{Peter Tan 1010 D1}]
INFO: 2021/01/03 23:30:46 map[]
INFO: 2021/01/03 23:30:46 index:POST:Not Found
INFO: 2021/01/03 23:31:26 map[]
INFO: 2021/01/03 23:31:26 index:POST:Not Found
INFO: 2021/01/03 23:37:26 init:Start Log
INFO: 2021/01/03 23:37:40 map[]
INFO: 2021/01/03 23:37:40 index:POST:Not Found
INFO: 2021/01/03 23:37:44 map[1070:{yyy yyy 1070 D5}]
INFO: 2021/01/03 23:43:34 init:Start Log
INFO: 2021/01/03 23:46:01 init:Start Log
INFO: 2021/01/03 23:48:11 init:Start Log
INFO: 2021/01/03 23:50:07 init:Start Log
INFO: 2021/01/03 23:50:32 map[1005:{Jean Toh 1005 D5} 1010:{Peter Tan 1010 D1} 1015:{Jess Lim 1015 D4} 1020:{Mary Ong 1020 D2} 1030:{Jack Koh 1030 D3} 1050:{Toby Ker 1010 D1} 1070:{yyy yyy 1070 D5} 1071:{yyy yyy 1070 D5} 1072:{yyy yyy 1070 D5}]
INFO: 2021/01/03 23:51:08 deleteinfo:Delete:1071
